<?xml version="1.0" encoding="UTF-8"?>
<!-- Generated by org.testng.reporters.JUnitReportReporter -->
<testsuite skipped="0" hostname="Jiaullahs-MacBook-Air.local" name="com.testvagrant.codetest.testcases.HotelBookingTest" tests="1" failures="0" timestamp="12 Jan 2018 21:29:05 GMT" time="53.163" errors="0">
  <testcase name="shouldBeAbleToSearchForHotels" time="53.163" classname="com.testvagrant.codetest.testcases.HotelBookingTest"/>
</testsuite> <!-- com.testvagrant.codetest.testcases.HotelBookingTest -->
